\BOOKMARK [1][-]{section.1}{Introduction}{}% 1
\BOOKMARK [1][-]{section.2}{Machine Learning}{}% 2
\BOOKMARK [2][-]{subsection.2.1}{Loss function}{section.2}% 3
\BOOKMARK [2][-]{subsection.2.2}{Optimizer function \205 Stochastic gradient descent}{section.2}% 4
\BOOKMARK [2][-]{subsection.2.3}{Caveats}{section.2}% 5
\BOOKMARK [1][-]{section.3}{Sentiment Analysis}{}% 6
\BOOKMARK [1][-]{section.4}{Plutchik's Wheel of Emotion}{}% 7
\BOOKMARK [1][-]{section.5}{Primary Emotion Data}{}% 8
\BOOKMARK [1][-]{section.6}{Methods}{}% 9
\BOOKMARK [2][-]{subsection.6.1}{Text Mining}{section.6}% 10
\BOOKMARK [2][-]{subsection.6.2}{Adam Optimizer}{section.6}% 11
\BOOKMARK [3][-]{subsubsection.6.2.1}{Further Comments on Components}{subsection.6.2}% 12
\BOOKMARK [2][-]{subsection.6.3}{Model Layers}{section.6}% 13
\BOOKMARK [3][-]{subsubsection.6.3.1}{Embedding Layer}{subsection.6.3}% 14
\BOOKMARK [3][-]{subsubsection.6.3.2}{LSTM Layer\(s\)}{subsection.6.3}% 15
\BOOKMARK [3][-]{subsubsection.6.3.3}{Dense Layer}{subsection.6.3}% 16
\BOOKMARK [2][-]{subsection.6.4}{Dropout Technique}{section.6}% 17
\BOOKMARK [2][-]{subsection.6.5}{Dropout}{section.6}% 18
\BOOKMARK [2][-]{subsection.6.6}{Cross-entropy Loss}{section.6}% 19
\BOOKMARK [2][-]{subsection.6.7}{Cross-entropy Loss}{section.6}% 20
\BOOKMARK [2][-]{subsection.6.8}{LSTM Neural Networks}{section.6}% 21
\BOOKMARK [2][-]{subsection.6.9}{Validation Accuracy}{section.6}% 22
\BOOKMARK [1][-]{section.7}{Positive and Negative Groups}{}% 23
\BOOKMARK [1][-]{section.8}{Results}{}% 24
\BOOKMARK [2][-]{subsection.8.1}{Primary Emotion Data Results}{section.8}% 25
\BOOKMARK [2][-]{subsection.8.2}{Labeled Twitter Data Results}{section.8}% 26
\BOOKMARK [2][-]{subsection.8.3}{Unlabeled Raw Twitter Data Results}{section.8}% 27
\BOOKMARK [2][-]{subsection.8.4}{McDonald's Service Failure Sentiment Results}{section.8}% 28
\BOOKMARK [2][-]{subsection.8.5}{Analysis}{section.8}% 29
\BOOKMARK [1][-]{section.9}{Conclusion}{}% 30
